2026-01-30 14:47:01,312 - data_preprocessing - DEBUG - Data loaded properly
2026-01-30 14:47:01,312 - data_preprocessing - DEBUG - Starting preprocessing for DataFrame
2026-01-30 14:47:01,315 - data_preprocessing - DEBUG - Target column encoded
2026-01-30 14:47:01,326 - data_preprocessing - DEBUG - Duplicates removed
2026-01-30 14:47:29,783 - data_preprocessing - DEBUG - Text column transformed
2026-01-30 14:47:29,784 - data_preprocessing - DEBUG - Starting preprocessing for DataFrame
2026-01-30 14:47:29,786 - data_preprocessing - DEBUG - Target column encoded
2026-01-30 14:47:29,788 - data_preprocessing - DEBUG - Duplicates removed
2026-01-30 14:47:42,043 - data_preprocessing - DEBUG - Text column transformed
2026-01-30 14:47:42,062 - data_preprocessing - DEBUG - Processed data saved to ./data\interim
2026-01-31 12:18:52,487 - data_preprocessing - DEBUG - Data loaded properly
2026-01-31 12:18:52,488 - data_preprocessing - DEBUG - Starting preprocessing for DataFrame
2026-01-31 12:18:52,491 - data_preprocessing - DEBUG - Target column encoded
2026-01-31 12:18:52,501 - data_preprocessing - DEBUG - Duplicates removed
2026-01-31 12:19:33,421 - data_preprocessing - DEBUG - Text column transformed
2026-01-31 12:19:33,422 - data_preprocessing - DEBUG - Starting preprocessing for DataFrame
2026-01-31 12:19:33,425 - data_preprocessing - DEBUG - Target column encoded
2026-01-31 12:19:33,430 - data_preprocessing - DEBUG - Duplicates removed
2026-01-31 12:19:48,413 - data_preprocessing - DEBUG - Text column transformed
2026-01-31 12:19:48,459 - data_preprocessing - DEBUG - Processed data saved to ./data\interim
