2026-01-30 14:57:10,993 - feature_engineering - DEBUG - Data loaded and NaNs filled from ./data/interim/train_processed.csv
2026-01-30 14:57:10,998 - feature_engineering - DEBUG - Data loaded and NaNs filled from ./data/interim/test_processed.csv
2026-01-30 14:57:11,109 - feature_engineering - DEBUG - tfidf applied and data transformed
2026-01-30 14:57:11,415 - feature_engineering - DEBUG - Data saved to ./data\processed\train_tfidf.csv
2026-01-30 14:57:11,465 - feature_engineering - DEBUG - Data saved to ./data\processed\test_tfidf.csv
2026-01-31 12:19:55,379 - feature_engineering - DEBUG - Data loaded and NaNs filled from ./data/interim/train_processed.csv
2026-01-31 12:19:55,386 - feature_engineering - DEBUG - Data loaded and NaNs filled from ./data/interim/test_processed.csv
2026-01-31 12:19:55,588 - feature_engineering - DEBUG - tfidf applied and data transformed
2026-01-31 12:19:55,879 - feature_engineering - DEBUG - Data saved to ./data\processed\train_tfidf.csv
2026-01-31 12:19:55,952 - feature_engineering - DEBUG - Data saved to ./data\processed\test_tfidf.csv
2026-01-31 12:59:48,692 - feature_engineering - DEBUG - Parameters retrieved from params.yaml
2026-01-31 12:59:48,723 - feature_engineering - DEBUG - Data loaded and NaNs filled from ./data/interim/train_processed.csv
2026-01-31 12:59:48,737 - feature_engineering - DEBUG - Data loaded and NaNs filled from ./data/interim/test_processed.csv
2026-01-31 12:59:48,976 - feature_engineering - DEBUG - tfidf applied and data transformed
2026-01-31 12:59:49,092 - feature_engineering - DEBUG - Data saved to ./data\processed\train_tfidf.csv
2026-01-31 12:59:49,124 - feature_engineering - DEBUG - Data saved to ./data\processed\test_tfidf.csv
2026-01-31 13:03:31,905 - feature_engineering - DEBUG - Parameters retrieved from params.yaml
2026-01-31 13:03:31,926 - feature_engineering - DEBUG - Data loaded and NaNs filled from ./data/interim/train_processed.csv
2026-01-31 13:03:31,934 - feature_engineering - DEBUG - Data loaded and NaNs filled from ./data/interim/test_processed.csv
2026-01-31 13:03:32,050 - feature_engineering - DEBUG - tfidf applied and data transformed
2026-01-31 13:03:32,216 - feature_engineering - DEBUG - Data saved to ./data\processed\train_tfidf.csv
2026-01-31 13:03:32,268 - feature_engineering - DEBUG - Data saved to ./data\processed\test_tfidf.csv
2026-01-31 13:23:11,516 - feature_engineering - DEBUG - Parameters retrieved from params.yaml
2026-01-31 13:23:11,543 - feature_engineering - DEBUG - Data loaded and NaNs filled from ./data/interim/train_processed.csv
2026-01-31 13:23:11,547 - feature_engineering - DEBUG - Data loaded and NaNs filled from ./data/interim/test_processed.csv
2026-01-31 13:23:11,661 - feature_engineering - DEBUG - tfidf applied and data transformed
2026-01-31 13:23:11,795 - feature_engineering - DEBUG - Data saved to ./data\processed\train_tfidf.csv
2026-01-31 13:23:11,830 - feature_engineering - DEBUG - Data saved to ./data\processed\test_tfidf.csv
