2026-01-30 15:09:58,916 - model_building - DEBUG - Data loaded from ./data/processed/train_tfidf.csv with shape (4152, 51)
2026-01-30 15:09:58,918 - model_building - DEBUG - Initializing RandomForest model with parameters: {'n_estimators': 25, 'random_state': 2}
2026-01-30 15:09:58,919 - model_building - DEBUG - Model training started with 4152 samples
2026-01-30 15:09:59,359 - model_building - DEBUG - Model training completed
2026-01-30 15:09:59,364 - model_building - DEBUG - Model saved to models/model.pkl
2026-01-31 12:22:23,374 - model_building - DEBUG - Data loaded from ./data/processed/train_tfidf.csv with shape (4152, 51)
2026-01-31 12:22:23,377 - model_building - DEBUG - Initializing RandomForest model with parameters: {'n_estimators': 25, 'random_state': 2}
2026-01-31 12:22:23,378 - model_building - DEBUG - Model training started with 4152 samples
2026-01-31 12:22:23,651 - model_building - DEBUG - Model training completed
2026-01-31 12:22:23,655 - model_building - DEBUG - Model saved to models/model.pkl
2026-01-31 12:25:25,522 - model_building - DEBUG - Data loaded from ./data/processed/train_tfidf.csv with shape (4152, 51)
2026-01-31 12:25:25,525 - model_building - DEBUG - Initializing RandomForest model with parameters: {'n_estimators': 25, 'random_state': 2}
2026-01-31 12:25:25,525 - model_building - DEBUG - Model training started with 4152 samples
2026-01-31 12:25:25,898 - model_building - DEBUG - Model training completed
2026-01-31 12:25:25,907 - model_building - DEBUG - Model saved to models/model.pkl
2026-01-31 12:31:28,575 - model_building - DEBUG - Data loaded from ./data/processed/train_tfidf.csv with shape (4152, 51)
2026-01-31 12:31:28,577 - model_building - DEBUG - Initializing RandomForest model with parameters: {'n_estimators': 25, 'random_state': 2}
2026-01-31 12:31:28,579 - model_building - DEBUG - Model training started with 4152 samples
2026-01-31 12:31:28,792 - model_building - DEBUG - Model training completed
2026-01-31 12:31:28,797 - model_building - DEBUG - Model saved to models/model.pkl
2026-01-31 12:59:57,666 - model_building - DEBUG - Parameters retrieved from params.yaml
2026-01-31 12:59:57,711 - model_building - DEBUG - Data loaded from ./data/processed/train_tfidf.csv with shape (4152, 36)
2026-01-31 12:59:57,719 - model_building - DEBUG - Initializing RandomForest model with parameters: {'n_estimators': 22, 'random_state': 2}
2026-01-31 12:59:57,720 - model_building - DEBUG - Model training started with 4152 samples
2026-01-31 12:59:57,951 - model_building - DEBUG - Model training completed
2026-01-31 12:59:57,957 - model_building - DEBUG - Model saved to models/model.pkl
2026-01-31 13:03:37,629 - model_building - DEBUG - Parameters retrieved from params.yaml
2026-01-31 13:03:37,683 - model_building - DEBUG - Data loaded from ./data/processed/train_tfidf.csv with shape (4413, 46)
2026-01-31 13:03:37,686 - model_building - DEBUG - Initializing RandomForest model with parameters: {'n_estimators': 20, 'random_state': 2}
2026-01-31 13:03:37,686 - model_building - DEBUG - Model training started with 4413 samples
2026-01-31 13:03:37,862 - model_building - DEBUG - Model training completed
2026-01-31 13:03:37,867 - model_building - DEBUG - Model saved to models/model.pkl
2026-01-31 13:23:18,083 - model_building - DEBUG - Parameters retrieved from params.yaml
2026-01-31 13:23:18,110 - model_building - DEBUG - Data loaded from ./data/processed/train_tfidf.csv with shape (4670, 31)
2026-01-31 13:23:18,112 - model_building - DEBUG - Initializing RandomForest model with parameters: {'n_estimators': 20, 'random_state': 2}
2026-01-31 13:23:18,117 - model_building - DEBUG - Model training started with 4670 samples
2026-01-31 13:23:18,279 - model_building - DEBUG - Model training completed
2026-01-31 13:23:18,286 - model_building - DEBUG - Model saved to models/model.pkl
